%%[ Error: Times-Italic not found. Font cannot be embedded. ]%%
%%[ Error: invalidfont; OffendingCommand: findfont ]%%

Stack:
/Font
/Times-Italic
37.5
50
{TeXBase1Encoding ReEncodeFont}
-mark-
2
19
-mark-
36
12
12
12
-mark-
3
12
9
10
-mark-
1
19
19
-mark-
1
19
-mark-
2
19
-mark-
1
19
12
-mark-
6
23
23
25
27
23
-mark-
3
12
-mark-
1
25
-mark-
1
31
25
27
23
-mark-
1
23
19
21
-mark-
1
23
-mark-
10
19
19
17
19
17
10
19
19
10
-mark-
2
10
27
19
19
19
19
15
15
10
19
17
25
-mark-
1
17
-mark-
134
/Fa


%%[ Flushing: rest of job (to end-of-file) will be ignored ]%%
%%[ Warning: PostScript error. No PDF file produced. ] %%
